
------------------------2020-04-02 16:58:34：工厂开始运行----------------------------
2020-04-02 16:58:42:[WARING]文件已存在！F:\study_project\webpack\scrapy\acfun_video\周杰伦开不了口\/0080.ts
2020-04-02 16:58:41:[WARING]文件已存在！F:\study_project\webpack\scrapy\acfun_video\周杰伦开不了口\/0073.ts
2020-04-02 16:58:40:[WARING]文件已存在！F:\study_project\webpack\scrapy\acfun_video\周杰伦开不了口\/0019.ts
2020-04-02 16:58:45:[WARING]视频合并完成;F:\study_project\webpack\scrapy\acfun_video\周杰伦开不了口/P1.mp4
2020-04-02 16:58:44:[WARING]视频合并完成;F:\study_project\webpack\scrapy\acfun_video\二七梦3月快手弹唱短视频合集/noTitle.mp4
2020-04-02 16:58:46-------------------------------------------------主线程结束-------------
2020-04-02 17:12:23：-----------------------------工厂开始运行----------------------------
2020-04-02 17:12:28:[WARING]文件已存在！F:\study_project\webpack\scrapy\acfun_video\二七梦3月快手弹唱短视频合集\/0003.ts
2020-04-02 17:12:28:[WARING]文件已存在！F:\study_project\webpack\scrapy\acfun_video\二七梦3月快手弹唱短视频合集\/0004.ts
2020-04-02 17:12:28:[WARING]文件已存在！F:\study_project\webpack\scrapy\acfun_video\二七梦3月快手弹唱短视频合集\/0002.ts
2020-04-02 17:12:28:[WARING]文件已存在！F:\study_project\webpack\scrapy\acfun_video\二七梦3月快手弹唱短视频合集\/0005.ts
2020-04-02 17:12:28:[WARING]文件已存在！F:\study_project\webpack\scrapy\acfun_video\周杰伦开不了口\/0001.ts
2020-04-02 17:12:28:[WARING]文件已存在！F:\study_project\webpack\scrapy\acfun_video\二七梦3月快手弹唱短视频合集\/0001.ts
2020-04-02 17:12:28:[WARING]文件已存在！F:\study_project\webpack\scrapy\acfun_video\周杰伦开不了口\/0003.ts
2020-04-02 17:12:28:[WARING]文件已存在！F:\study_project\webpack\scrapy\acfun_video\二七梦3月快手弹唱短视频合集\/0006.ts
2020-04-02 17:12:28:[WARING]文件已存在！F:\study_project\webpack\scrapy\acfun_video\周杰伦开不了口\/0002.ts
2020-04-02 17:12:28:[WARING]文件已存在！F:\study_project\webpack\scrapy\acfun_video\周杰伦开不了口\/0005.ts
2020-04-02 17:12:28:[WARING]文件已存在！F:\study_project\webpack\scrapy\acfun_video\周杰伦开不了口\/0004.ts
2020-04-02 17:12:28:[WARING]文件已存在！F:\study_project\webpack\scrapy\acfun_video\二七梦3月快手弹唱短视频合集\/0007.ts
2020-04-02 17:12:28:[WARING]文件已存在！F:\study_project\webpack\scrapy\acfun_video\二七梦3月快手弹唱短视频合集\/0008.ts
2020-04-02 17:12:28:[WARING]文件已存在！F:\study_project\webpack\scrapy\acfun_video\二七梦3月快手弹唱短视频合集\/0009.ts
2020-04-02 17:12:28:[WARING]文件已存在！F:\study_project\webpack\scrapy\acfun_video\周杰伦开不了口\/0006.ts
2020-04-02 17:12:28:[WARING]文件已存在！F:\study_project\webpack\scrapy\acfun_video\二七梦3月快手弹唱短视频合集\/0010.ts
2020-04-02 17:12:28:[WARING]文件已存在！F:\study_project\webpack\scrapy\acfun_video\周杰伦开不了口\/0007.ts
2020-04-02 17:12:28:[WARING]文件已存在！F:\study_project\webpack\scrapy\acfun_video\二七梦3月快手弹唱短视频合集\/0011.ts
2020-04-02 17:12:28:[WARING]文件已存在！F:\study_project\webpack\scrapy\acfun_video\周杰伦开不了口\/0008.ts
2020-04-02 17:12:28:[WARING]文件已存在！F:\study_project\webpack\scrapy\acfun_video\周杰伦开不了口\/0009.ts
2020-04-02 17:12:28:[WARING]文件已存在！F:\study_project\webpack\scrapy\acfun_video\周杰伦开不了口\/0010.ts
2020-04-02 17:12:28:[WARING]文件已存在！F:\study_project\webpack\scrapy\acfun_video\二七梦3月快手弹唱短视频合集\/0012.ts
2020-04-02 17:12:28:[WARING]文件已存在！F:\study_project\webpack\scrapy\acfun_video\二七梦3月快手弹唱短视频合集\/0013.ts
2020-04-02 17:12:28:[WARING]文件已存在！F:\study_project\webpack\scrapy\acfun_video\周杰伦开不了口\/0011.ts
2020-04-02 17:12:28:[WARING]文件已存在！F:\study_project\webpack\scrapy\acfun_video\二七梦3月快手弹唱短视频合集\/0015.ts
2020-04-02 17:12:29:[WARING]文件已存在！F:\study_project\webpack\scrapy\acfun_video\周杰伦开不了口\/0012.ts
2020-04-02 17:12:29:[WARING]文件已存在！F:\study_project\webpack\scrapy\acfun_video\二七梦3月快手弹唱短视频合集\/0016.ts
2020-04-02 17:12:29:[WARING]文件已存在！F:\study_project\webpack\scrapy\acfun_video\周杰伦开不了口\/0013.ts
2020-04-02 17:12:29:[WARING]文件已存在！F:\study_project\webpack\scrapy\acfun_video\周杰伦开不了口\/0014.ts
2020-04-02 17:12:29:[WARING]文件已存在！F:\study_project\webpack\scrapy\acfun_video\周杰伦开不了口\/0015.ts
2020-04-02 17:12:29:[WARING]文件已存在！F:\study_project\webpack\scrapy\acfun_video\二七梦3月快手弹唱短视频合集\/0017.ts
2020-04-02 17:12:29:[WARING]文件已存在！F:\study_project\webpack\scrapy\acfun_video\二七梦3月快手弹唱短视频合集\/0018.ts
2020-04-02 17:12:29:[WARING]文件已存在！F:\study_project\webpack\scrapy\acfun_video\周杰伦开不了口\/0016.ts
2020-04-02 17:12:29:[WARING]文件已存在！F:\study_project\webpack\scrapy\acfun_video\二七梦3月快手弹唱短视频合集\/0019.ts
2020-04-02 17:12:29:[WARING]文件已存在！F:\study_project\webpack\scrapy\acfun_video\周杰伦开不了口\/0017.ts
2020-04-02 17:12:29:[WARING]文件已存在！F:\study_project\webpack\scrapy\acfun_video\二七梦3月快手弹唱短视频合集\/0020.ts
2020-04-02 17:12:29:[WARING]文件已存在！F:\study_project\webpack\scrapy\acfun_video\周杰伦开不了口\/0018.ts
2020-04-02 17:12:29:[WARING]文件已存在！F:\study_project\webpack\scrapy\acfun_video\周杰伦开不了口\/0019.ts
2020-04-02 17:12:29:[WARING]文件已存在！F:\study_project\webpack\scrapy\acfun_video\二七梦3月快手弹唱短视频合集\/0021.ts
2020-04-02 17:12:29:[WARING]文件已存在！F:\study_project\webpack\scrapy\acfun_video\二七梦3月快手弹唱短视频合集\/0022.ts
2020-04-02 17:12:29:[WARING]文件已存在！F:\study_project\webpack\scrapy\acfun_video\周杰伦开不了口\/0020.ts
2020-04-02 17:12:29:[WARING]文件已存在！F:\study_project\webpack\scrapy\acfun_video\二七梦3月快手弹唱短视频合集\/0014.ts
2020-04-02 17:12:29:[WARING]文件已存在！F:\study_project\webpack\scrapy\acfun_video\周杰伦开不了口\/0021.ts
2020-04-02 17:12:29:[WARING]文件已存在！F:\study_project\webpack\scrapy\acfun_video\二七梦3月快手弹唱短视频合集\/0023.ts
2020-04-02 17:12:29:[WARING]文件已存在！F:\study_project\webpack\scrapy\acfun_video\二七梦3月快手弹唱短视频合集\/0024.ts
2020-04-02 17:12:29:[WARING]文件已存在！F:\study_project\webpack\scrapy\acfun_video\周杰伦开不了口\/0023.ts
2020-04-02 17:12:29:[WARING]文件已存在！F:\study_project\webpack\scrapy\acfun_video\周杰伦开不了口\/0024.ts
2020-04-02 17:12:29:[WARING]文件已存在！F:\study_project\webpack\scrapy\acfun_video\二七梦3月快手弹唱短视频合集\/0025.ts
2020-04-02 17:12:29:[WARING]文件已存在！F:\study_project\webpack\scrapy\acfun_video\周杰伦开不了口\/0025.ts
2020-04-02 17:12:29:[WARING]文件已存在！F:\study_project\webpack\scrapy\acfun_video\二七梦3月快手弹唱短视频合集\/0027.ts
2020-04-02 17:12:29:[WARING]文件已存在！F:\study_project\webpack\scrapy\acfun_video\周杰伦开不了口\/0026.ts
2020-04-02 17:12:29:[WARING]文件已存在！F:\study_project\webpack\scrapy\acfun_video\周杰伦开不了口\/0022.ts
2020-04-02 17:12:29:[WARING]文件已存在！F:\study_project\webpack\scrapy\acfun_video\二七梦3月快手弹唱短视频合集\/0028.ts
2020-04-02 17:12:29:[WARING]文件已存在！F:\study_project\webpack\scrapy\acfun_video\二七梦3月快手弹唱短视频合集\/0029.ts
2020-04-02 17:12:29:[WARING]文件已存在！F:\study_project\webpack\scrapy\acfun_video\周杰伦开不了口\/0027.ts
2020-04-02 17:12:29:[WARING]文件已存在！F:\study_project\webpack\scrapy\acfun_video\周杰伦开不了口\/0028.ts
2020-04-02 17:12:29:[WARING]文件已存在！F:\study_project\webpack\scrapy\acfun_video\二七梦3月快手弹唱短视频合集\/0030.ts
2020-04-02 17:12:29:[WARING]文件已存在！F:\study_project\webpack\scrapy\acfun_video\周杰伦开不了口\/0029.ts
2020-04-02 17:12:29:[WARING]文件已存在！F:\study_project\webpack\scrapy\acfun_video\二七梦3月快手弹唱短视频合集\/0031.ts
2020-04-02 17:12:29:[WARING]文件已存在！F:\study_project\webpack\scrapy\acfun_video\周杰伦开不了口\/0031.ts
2020-04-02 17:12:29:[WARING]文件已存在！F:\study_project\webpack\scrapy\acfun_video\二七梦3月快手弹唱短视频合集\/0033.ts
2020-04-02 17:12:29:[WARING]文件已存在！F:\study_project\webpack\scrapy\acfun_video\周杰伦开不了口\/0030.ts
2020-04-02 17:12:29:[WARING]文件已存在！F:\study_project\webpack\scrapy\acfun_video\二七梦3月快手弹唱短视频合集\/0032.ts
2020-04-02 17:12:29:[WARING]文件已存在！F:\study_project\webpack\scrapy\acfun_video\周杰伦开不了口\/0032.ts
2020-04-02 17:12:29:[WARING]文件已存在！F:\study_project\webpack\scrapy\acfun_video\周杰伦开不了口\/0033.ts
2020-04-02 17:12:29:[WARING]文件已存在！F:\study_project\webpack\scrapy\acfun_video\二七梦3月快手弹唱短视频合集\/0034.ts
2020-04-02 17:12:29:[WARING]文件已存在！F:\study_project\webpack\scrapy\acfun_video\二七梦3月快手弹唱短视频合集\/0026.ts
2020-04-02 17:12:29:[WARING]文件已存在！F:\study_project\webpack\scrapy\acfun_video\周杰伦开不了口\/0034.ts
2020-04-02 17:12:29:[WARING]文件已存在！F:\study_project\webpack\scrapy\acfun_video\二七梦3月快手弹唱短视频合集\/0035.ts
2020-04-02 17:12:29:[WARING]文件已存在！F:\study_project\webpack\scrapy\acfun_video\二七梦3月快手弹唱短视频合集\/0036.ts
2020-04-02 17:12:29:[WARING]文件已存在！F:\study_project\webpack\scrapy\acfun_video\周杰伦开不了口\/0035.ts
2020-04-02 17:12:29:[WARING]文件已存在！F:\study_project\webpack\scrapy\acfun_video\周杰伦开不了口\/0036.ts
2020-04-02 17:12:29:[WARING]文件已存在！F:\study_project\webpack\scrapy\acfun_video\二七梦3月快手弹唱短视频合集\/0037.ts
2020-04-02 17:12:29:[WARING]文件已存在！F:\study_project\webpack\scrapy\acfun_video\周杰伦开不了口\/0038.ts
2020-04-02 17:12:29:[WARING]文件已存在！F:\study_project\webpack\scrapy\acfun_video\二七梦3月快手弹唱短视频合集\/0038.ts
2020-04-02 17:12:29:[WARING]文件已存在！F:\study_project\webpack\scrapy\acfun_video\二七梦3月快手弹唱短视频合集\/0039.ts
2020-04-02 17:12:29:[WARING]文件已存在！F:\study_project\webpack\scrapy\acfun_video\周杰伦开不了口\/0039.ts
2020-04-02 17:12:29:[WARING]文件已存在！F:\study_project\webpack\scrapy\acfun_video\周杰伦开不了口\/0040.ts
2020-04-02 17:12:29:[WARING]文件已存在！F:\study_project\webpack\scrapy\acfun_video\周杰伦开不了口\/0041.ts
2020-04-02 17:12:29:[WARING]文件已存在！F:\study_project\webpack\scrapy\acfun_video\周杰伦开不了口\/0042.ts
2020-04-02 17:12:30:[WARING]文件已存在！F:\study_project\webpack\scrapy\acfun_video\周杰伦开不了口\/0043.ts
2020-04-02 17:12:30:[WARING]文件已存在！F:\study_project\webpack\scrapy\acfun_video\周杰伦开不了口\/0044.ts
2020-04-02 17:12:30:[WARING]文件已存在！F:\study_project\webpack\scrapy\acfun_video\周杰伦开不了口\/0045.ts
2020-04-02 17:12:30:[WARING]文件已存在！F:\study_project\webpack\scrapy\acfun_video\周杰伦开不了口\/0037.ts
2020-04-02 17:12:30:[WARING]文件已存在！F:\study_project\webpack\scrapy\acfun_video\周杰伦开不了口\/0046.ts
2020-04-02 17:12:30:[WARING]文件已存在！F:\study_project\webpack\scrapy\acfun_video\周杰伦开不了口\/0047.ts
2020-04-02 17:12:30:[WARING]文件已存在！F:\study_project\webpack\scrapy\acfun_video\周杰伦开不了口\/0048.ts
2020-04-02 17:12:30:[WARING]文件已存在！F:\study_project\webpack\scrapy\acfun_video\周杰伦开不了口\/0049.ts
2020-04-02 17:12:30:[WARING]文件已存在！F:\study_project\webpack\scrapy\acfun_video\周杰伦开不了口\/0050.ts
2020-04-02 17:12:30:[WARING]文件已存在！F:\study_project\webpack\scrapy\acfun_video\周杰伦开不了口\/0051.ts
2020-04-02 17:12:30:[WARING]文件已存在！F:\study_project\webpack\scrapy\acfun_video\周杰伦开不了口\/0052.ts
2020-04-02 17:12:30:[WARING]文件已存在！F:\study_project\webpack\scrapy\acfun_video\周杰伦开不了口\/0053.ts
2020-04-02 17:12:30:[WARING]文件已存在！F:\study_project\webpack\scrapy\acfun_video\周杰伦开不了口\/0054.ts
2020-04-02 17:12:30:[WARING]文件已存在！F:\study_project\webpack\scrapy\acfun_video\周杰伦开不了口\/0055.ts
2020-04-02 17:12:30:[WARING]文件已存在！F:\study_project\webpack\scrapy\acfun_video\周杰伦开不了口\/0056.ts
2020-04-02 17:12:30:[WARING]文件已存在！F:\study_project\webpack\scrapy\acfun_video\周杰伦开不了口\/0057.ts
2020-04-02 17:12:30:[WARING]文件已存在！F:\study_project\webpack\scrapy\acfun_video\周杰伦开不了口\/0058.ts
2020-04-02 17:12:30:[WARING]文件已存在！F:\study_project\webpack\scrapy\acfun_video\周杰伦开不了口\/0059.ts
2020-04-02 17:12:30:[WARING]文件已存在！F:\study_project\webpack\scrapy\acfun_video\周杰伦开不了口\/0060.ts
2020-04-02 17:12:30:[WARING]文件已存在！F:\study_project\webpack\scrapy\acfun_video\周杰伦开不了口\/0061.ts
2020-04-02 17:12:30:[WARING]文件已存在！F:\study_project\webpack\scrapy\acfun_video\周杰伦开不了口\/0062.ts
2020-04-02 17:12:30:[WARING]文件已存在！F:\study_project\webpack\scrapy\acfun_video\周杰伦开不了口\/0063.ts
2020-04-02 17:12:30:[WARING]文件已存在！F:\study_project\webpack\scrapy\acfun_video\周杰伦开不了口\/0064.ts
2020-04-02 17:12:30:[WARING]文件已存在！F:\study_project\webpack\scrapy\acfun_video\周杰伦开不了口\/0065.ts
2020-04-02 17:12:30:[WARING]文件已存在！F:\study_project\webpack\scrapy\acfun_video\周杰伦开不了口\/0066.ts
2020-04-02 17:12:30:[WARING]文件已存在！F:\study_project\webpack\scrapy\acfun_video\周杰伦开不了口\/0067.ts
2020-04-02 17:12:30:[WARING]文件已存在！F:\study_project\webpack\scrapy\acfun_video\周杰伦开不了口\/0068.ts
2020-04-02 17:12:30:[WARING]文件已存在！F:\study_project\webpack\scrapy\acfun_video\周杰伦开不了口\/0069.ts
2020-04-02 17:12:30:[WARING]文件已存在！F:\study_project\webpack\scrapy\acfun_video\周杰伦开不了口\/0070.ts
2020-04-02 17:12:30:[WARING]文件已存在！F:\study_project\webpack\scrapy\acfun_video\周杰伦开不了口\/0071.ts
2020-04-02 17:12:30:[WARING]文件已存在！F:\study_project\webpack\scrapy\acfun_video\周杰伦开不了口\/0072.ts
2020-04-02 17:12:30:[WARING]文件已存在！F:\study_project\webpack\scrapy\acfun_video\周杰伦开不了口\/0073.ts
2020-04-02 17:12:30:[WARING]文件已存在！F:\study_project\webpack\scrapy\acfun_video\周杰伦开不了口\/0074.ts
2020-04-02 17:12:30:[WARING]文件已存在！F:\study_project\webpack\scrapy\acfun_video\周杰伦开不了口\/0075.ts
2020-04-02 17:12:30:[WARING]文件已存在！F:\study_project\webpack\scrapy\acfun_video\周杰伦开不了口\/0076.ts
2020-04-02 17:12:30:[WARING]文件已存在！F:\study_project\webpack\scrapy\acfun_video\周杰伦开不了口\/0077.ts
2020-04-02 17:12:30:[WARING]文件已存在！F:\study_project\webpack\scrapy\acfun_video\周杰伦开不了口\/0078.ts
2020-04-02 17:12:30:[WARING]文件已存在！F:\study_project\webpack\scrapy\acfun_video\周杰伦开不了口\/0079.ts
2020-04-02 17:12:30:[WARING]文件已存在！F:\study_project\webpack\scrapy\acfun_video\周杰伦开不了口\/0080.ts
2020-04-02 17:12:33:[WARING]视频合并完成;F:\study_project\webpack\scrapy\acfun_video\二七梦3月快手弹唱短视频合集/noTitle.mp4
2020-04-02 17:12:33:[WARING]视频合并完成;F:\study_project\webpack\scrapy\acfun_video\周杰伦开不了口/P1.mp4
2020-04-02 17:12:35-----------------------------主线程退出----------------------------
